2023-12-26 23:26:55 - Tickets Saved successfully
2023-12-26 23:29:32 - Tickets Saved successfully
2023-12-26 23:30:02 - Tickets Saved successfully
2023-12-26 23:30:35 - Tickets Saved successfully
2023-12-26 23:32:29 - Tickets Saved successfully
2023-12-26 23:39:09 - Tickets Saved successfully
2023-12-26 23:43:01 - Tickets Saved successfully
2023-12-26 23:45:08 - Ticket Added test
2023-12-26 23:45:08 - Tickets Saved successfully
2023-12-26 23:45:22 - Tickets Saved successfully
2023-12-26 23:48:29 - Tickets Loaded successfully
2023-12-26 23:48:45 - Ticket Added tester
2023-12-26 23:48:45 - Tickets Saved successfully
2023-12-26 23:49:44 - Ticket closed 0
2023-12-26 23:49:44 - Tickets Saved successfully
2023-12-26 23:49:49 - Changed ticket to pending 1
2023-12-26 23:49:49 - Tickets Saved successfully
2023-12-26 23:50:04 - Ticket closed 1
2023-12-26 23:50:04 - Tickets Saved successfully
2023-12-26 23:50:07 - Tickets Saved successfully
2023-12-26 23:52:52 - Tickets Loaded successfully
2023-12-26 23:52:52 - Tickets Loaded successfully
2023-12-26 23:53:01 - Ticket Added TEST
2023-12-26 23:53:01 - Tickets Saved successfully
2023-12-26 23:54:19 - Tickets Saved successfully
2023-12-26 23:55:43 - Tickets Loaded successfully
2023-12-26 23:55:43 - Tickets Loaded successfully
2023-12-26 23:55:43 - Tickets Loaded successfully
2023-12-26 23:56:05 - Tickets Saved successfully
2023-12-26 23:56:44 - Tickets Loaded successfully
2023-12-26 23:56:44 - Tickets Loaded successfully
2023-12-26 23:56:44 - Tickets Loaded successfully
2023-12-26 23:56:52 - Ticket updated 2 test
2023-12-26 23:57:01 - Tickets Saved successfully
